<?xml version="1.0" encoding="UTF-8"?>
<!-- Generated by org.testng.reporters.JUnitXMLReporter -->
<testsuite ignored="0" hostname="PSOFKA01455" failures="0" tests="5" name="OpenCart Spaghetti vs POM" time="48.045" errors="0" timestamp="2026-03-12T12:25:46 COT">
  <testcase classname="com.reservassk.tests.OpenCartSpaghettiTest" name="agregarProductoDesdeHome_spaghetti" time="8.054"/>
  <testcase classname="com.reservassk.tests.OpenCartPomTest" name="agregarProductoDestacadoDebeReflejarseEnCarrito" time="4.245"/>
  <testcase classname="com.reservassk.tests.OpenCartPomTest" name="busquedaDebeMostrarProductoEsperado" time="2.702"/>
  <testcase classname="com.reservassk.tests.OpenCartPomTest" name="categoriaLaptopsDebeAbrirCorrectamente" time="16.461"/>
  <testcase classname="com.reservassk.tests.OpenCartPomTest" name="homeDebeCargarYMostrarMenuPrincipal" time="2.426"/>
</testsuite> <!-- OpenCart Spaghetti vs POM -->
