<?xml version="1.0" encoding="UTF-8"?>
<!-- Generated by org.testng.reporters.JUnitReportReporter -->
<testsuite hostname="PSOFKA01455" failures="0" tests="4" name="com.reservassk.tests.OpenCartPomTest" time="39.935" errors="0" timestamp="2026-03-12T12:25:46 COT" skipped="0">
  <testcase classname="com.reservassk.tests.OpenCartPomTest" name="categoriaLaptopsDebeAbrirCorrectamente" time="19.963"/>
  <testcase classname="com.reservassk.tests.OpenCartPomTest" name="busquedaDebeMostrarProductoEsperado" time="5.921"/>
  <testcase classname="com.reservassk.tests.OpenCartPomTest" name="homeDebeCargarYMostrarMenuPrincipal" time="5.803"/>
  <testcase classname="com.reservassk.tests.OpenCartPomTest" name="agregarProductoDestacadoDebeReflejarseEnCarrito" time="8.248"/>
</testsuite> <!-- com.reservassk.tests.OpenCartPomTest -->
